===START===2022-07-30T12:29:28.779813	799377676 Romakot159 KEYBOARD
2022-07-30T12:29:59.515502	Romakot159 moder_menu
2022-07-30T12:30:01.531499	Romakot159 mainMenu
2022-07-30T12:30:06.892557	Romakot159 comp_path_menu
2022-07-30T12:30:08.376615	Romakot159 mainMenu
2022-07-30T12:31:36.949677	Romakot159 register1
2022-07-30T12:32:33.360948	799377676 Romakot159 KEYBOARD
2022-07-30T12:36:52.260625	799377676 Romakot159 KEYBOARD
2022-07-30T12:36:54.526918	Romakot159 register1
2022-07-30T12:38:48.481306	799377676 Romakot159 KEYBOARD
2022-07-30T12:38:50.511691	Romakot159 register1
2022-07-30T12:42:23.604660	1123310395 Anton_Polenok KEYBOARD
2022-07-30T12:44:48.724402	799377676 Romakot159 KEYBOARD
2022-07-30T12:44:50.256585	Romakot159 moder_menu
2022-07-30T12:44:51.656831	Romakot159 moder_regRequests
2022-07-30T12:44:52.833127	Romakot159 moder_seeUserForm 799377676
2022-07-30T12:44:54.176875	Romakot159 cancel_reg 799377676
2022-07-30T12:44:57.298823	Romakot159 mainMenu
2022-07-30T12:45:00.359270	Romakot159 register1
2022-07-30T12:46:46.721999	799377676 Romakot159 KEYBOARD
2022-07-30T12:46:48.969183	Romakot159 moder_menu
2022-07-30T12:46:50.327697	Romakot159 moder_regRequests
2022-07-30T12:46:51.516256	Romakot159 moder_seeUserForm 799377676
2022-07-30T12:46:52.696674	Romakot159 cancel_reg 799377676
2022-07-30T12:46:54.715492	799377676 Romakot159 KEYBOARD
2022-07-30T12:46:57.487886	Romakot159 question
2022-07-30T12:46:58.837386	Romakot159 delete_message
2022-07-30T12:47:02.356810	Romakot159 question
2022-07-30T12:47:07.860559	Romakot159 delete_message
2022-07-30T12:48:15.862169	799377676 Romakot159 KEYBOARD
2022-07-30T13:06:36.952784	5122218541 Taigusha_22 KEYBOARD
2022-07-30T13:06:42.270129	Taigusha_22 register1
2022-07-31T06:56:32.121966	799377676 Romakot159 KEYBOARD
2022-08-02T00:01:03.506736	1274183625 gak124 KEYBOARD
2022-08-02T04:13:36.922899	1123310395 Anton_Polenok KEYBOARD
2022-08-02T04:13:39.666721	Anton_Polenok about
2022-08-02T13:13:44.351986	1123310395 Anton_Polenok KEYBOARD
2022-08-02T13:13:49.187918	Anton_Polenok comp_path_menu
2022-08-02T13:13:52.020641	Anton_Polenok find_path
2022-08-02T13:13:54.008827	Anton_Polenok mainMenu
2022-08-02T13:13:55.948799	Anton_Polenok comp_path_menu
2022-08-02T13:13:57.230241	Anton_Polenok new_request
2022-08-02T16:54:19.333615	Romakot159 moder_menu
2022-08-02T16:54:21.369222	Romakot159 moder_regRequests
2022-08-02T16:54:22.827366	Romakot159 mainMenu
2022-08-03T01:08:37.657467	799377676 Romakot159 KEYBOARD
2022-08-03T09:05:16.504853	1123310395 Anton_Polenok KEYBOARD
2022-08-03T09:05:19.044102	Anton_Polenok comp_path_menu
2022-08-03T09:05:20.767366	Anton_Polenok new_request
2022-08-03T09:07:47.535943	Anton_Polenok about
2022-08-03T09:07:53.336058	Anton_Polenok delete_message
2022-08-03T09:07:55.697181	Anton_Polenok question
2022-08-03T09:08:05.338311	Anton_Polenok delete_message
2022-08-03T09:08:09.284072	Anton_Polenok moder_menu
2022-08-03T09:08:12.207619	Anton_Polenok moder_regRequests
2022-08-03T09:08:14.225158	Anton_Polenok mainMenu
2022-08-03T09:08:16.564790	Anton_Polenok moder_menu
2022-08-03T09:08:18.407265	Anton_Polenok moder_openBills
2022-08-03T09:08:19.581715	Anton_Polenok mainMenu
2022-08-03T09:08:21.021611	Anton_Polenok moder_menu
2022-08-03T09:08:23.502281	Anton_Polenok moder_testPath
2022-08-03T09:08:27.269537	Anton_Polenok comp_path_menu
2022-08-03T09:08:29.663242	Anton_Polenok find_path
2022-08-03T09:08:31.746541	Anton_Polenok about_path 1
2022-08-03T09:08:35.639576	Anton_Polenok about_path 1
2022-08-03T09:08:36.762386	Anton_Polenok mainMenu
2022-08-03T09:08:38.543452	Anton_Polenok moder_menu
2022-08-03T09:08:41.866098	Anton_Polenok moder_regRequests
2022-08-03T09:08:42.943798	Anton_Polenok mainMenu
2022-08-03T09:08:44.511935	Anton_Polenok moder_menu
2022-08-03T09:08:47.125677	Anton_Polenok moder_testPath
2022-08-03T09:08:48.733640	Anton_Polenok comp_path_menu
2022-08-03T09:08:50.049419	Anton_Polenok find_path
2022-08-03T09:08:51.473839	Anton_Polenok about_path 2
2022-08-03T09:08:51.603376	Anton_Polenok about_path 2
2022-08-03T09:08:52.153867	Anton_Polenok about_path 2
2022-08-03T09:08:52.301052	Anton_Polenok about_path 2
2022-08-03T09:08:52.570726	Anton_Polenok about_path 2
2022-08-03T09:08:52.637087	Anton_Polenok about_path 2
2022-08-03T09:08:52.828546	Anton_Polenok about_path 2
2022-08-03T09:08:59.089972	Anton_Polenok mainMenu
2022-08-03T09:09:32.458873	Anton_Polenok comp_path_menu
2022-08-03T09:09:34.278786	Anton_Polenok find_path
2022-08-03T09:10:18.926893	Anton_Polenok mainMenu
2022-08-03T09:44:07.703734	Anton_Polenok moder_menu
2022-08-03T09:44:11.784055	Anton_Polenok moder_openBills
2022-08-03T09:44:13.182228	Anton_Polenok mainMenu
2022-08-03T15:42:27.437559	799377676 Romakot159 KEYBOARD
2022-08-03T15:42:34.393134	Romakot159 register1
2022-08-03T15:43:09.117406	799377676 Romakot159 KEYBOARD
2022-08-03T15:43:10.716377	Romakot159 moder_menu
2022-08-03T15:43:12.259006	Romakot159 moder_regRequests
2022-08-03T15:43:13.533599	Romakot159 moder_seeUserForm 799377676
2022-08-03T15:43:17.902805	Romakot159 cancel_reg 799377676
2022-08-03T15:51:17.161971	799377676 Romakot159 KEYBOARD
2022-08-03T15:51:28.608879	Romakot159 register1
2022-08-03T15:53:06.133115	799377676 Romakot159 KEYBOARD
2022-08-03T15:53:08.793996	Romakot159 moder_menu
2022-08-03T15:53:10.204391	Romakot159 moder_regRequests
2022-08-03T15:53:11.283585	Romakot159 moder_seeUserForm 799377676
2022-08-03T15:53:16.906880	Romakot159 cancel_reg 799377676
2022-08-03T15:54:43.137898	799377676 Romakot159 KEYBOARD
2022-08-03T15:54:50.122926	Romakot159 question
2022-08-03T15:54:55.110362	Romakot159 delete_message
2022-08-04T11:18:55.710329	463693682 BoriSBF7 KEYBOARD
2022-08-04T11:19:04.653892	BoriSBF7 comp_path_menu
2022-08-04T11:19:09.503937	BoriSBF7 find_path
2022-08-04T11:19:10.585201	BoriSBF7 about_path 1
2022-08-04T11:21:18.924563	262925173 Baranhey87 KEYBOARD
2022-08-04T11:21:31.271314	Baranhey87 register1
2022-08-04T11:24:39.671609	410631117 vanjapirgv KEYBOARD
2022-08-04T11:27:30.656764	927461620 None KEYBOARD
2022-08-04T11:27:34.477439	None register1
2022-08-04T11:27:41.000081	None question
2022-08-04T11:28:59.400253	None comp_path_menu
2022-08-04T11:29:00.214107	None find_path
2022-08-04T11:32:59.144288	1345082429 None KEYBOARD
2022-08-04T11:33:07.924785	None about
2022-08-04T11:34:09.049278	None register1
2022-08-04T11:35:09.152792	None comp_path_menu
2022-08-04T11:35:22.406119	None find_path
2022-08-04T11:35:33.315512	None mainMenu
2022-08-04T11:36:11.216087	1889540929 DmitriyFirst314 KEYBOARD
2022-08-04T11:36:17.078725	DmitriyFirst314 register1
2022-08-04T11:46:32.185511	1023438398 Dmitriy_irk38 KEYBOARD
2022-08-04T11:46:38.808323	Dmitriy_irk38 comp_path_menu
2022-08-04T11:46:45.936402	Dmitriy_irk38 find_path
2022-08-04T11:53:57.532658	1324000942 None KEYBOARD
2022-08-04T11:57:15.245766	1847764414 cres51 KEYBOARD
2022-08-04T11:57:20.993863	cres51 register1
2022-08-04T12:10:18.005205	1096306853 None KEYBOARD
2022-08-04T12:10:24.075131	None comp_path_menu
2022-08-04T12:10:29.668457	None find_path
2022-08-04T12:10:34.138122	None mainMenu
2022-08-04T12:16:26.331302	414101689 mfedoseev1 KEYBOARD
2022-08-04T12:16:29.453976	mfedoseev1 comp_path_menu
2022-08-04T12:16:33.091947	mfedoseev1 find_path
2022-08-04T12:21:24.936201	878226956 Perry_Utk0nos KEYBOARD
2022-08-04T12:23:21.924434	5242849043 Minimal27 KEYBOARD
2022-08-04T12:23:25.802658	Minimal27 comp_path_menu
2022-08-04T12:23:28.994267	Minimal27 find_path
2022-08-04T12:23:32.082440	Minimal27 about_path 1
2022-08-04T12:23:40.850935	Minimal27 about_path 1
2022-08-04T12:23:42.573204	Minimal27 about_path 2
2022-08-04T12:23:43.297220	Minimal27 about_path 2
2022-08-04T12:23:44.536328	Minimal27 about_path 1
2022-08-04T12:23:52.344485	Minimal27 mainMenu
2022-08-04T12:23:55.308732	Minimal27 comp_path_menu
2022-08-04T12:23:57.351906	Minimal27 find_path
2022-08-04T12:23:58.707623	Minimal27 about_path 1
2022-08-04T12:46:16.288964	201517488 Vladimir0810 KEYBOARD
2022-08-04T12:55:37.354733	990216932 DmitriyViktorovich_138 KEYBOARD
2022-08-04T12:55:42.497012	DmitriyViktorovich_138 register1
2022-08-04T13:04:27.056859	705374470 dmalina900 KEYBOARD
2022-08-04T13:04:32.081475	dmalina900 comp_path_menu
2022-08-04T13:04:38.778030	dmalina900 find_path
2022-08-04T13:04:42.112931	dmalina900 mainMenu
2022-08-04T13:05:31.528350	dmalina900 comp_path_menu
2022-08-04T13:05:35.201118	dmalina900 new_request
2022-08-04T13:08:40.774644	261577485 Vasyapupakin KEYBOARD
2022-08-04T13:08:46.770805	Vasyapupakin comp_path_menu
2022-08-04T13:08:49.787187	Vasyapupakin new_request
2022-08-04T13:36:49.957342	1880624267 None KEYBOARD
2022-08-04T13:37:03.879892	None register1
2022-08-04T13:39:40.960467	DavSurMev register1
2022-08-04T13:50:40.921389	799377676 Romakot159 KEYBOARD
2022-08-04T13:50:42.908831	Romakot159 moder_menu
2022-08-04T13:50:44.191791	Romakot159 moder_regRequests
2022-08-04T13:50:45.645993	Romakot159 mainMenu
2022-08-04T13:53:58.843355	Romakot159 comp_path_menu
2022-08-04T13:54:03.206916	Romakot159 find_path
2022-08-04T13:54:06.237855	Romakot159 about_path 1
2022-08-04T13:54:16.042230	Romakot159 about_path 2
2022-08-04T13:55:45.522218	Anton_Polenok comp_path_menu
2022-08-04T13:55:47.533961	Anton_Polenok find_path
2022-08-04T13:55:49.682148	Anton_Polenok mainMenu
2022-08-04T13:58:08.626687	Anton_Polenok register1
2022-08-04T14:00:57.993364	1123310395 Anton_Polenok KEYBOARD
2022-08-04T14:01:01.895255	Anton_Polenok question
2022-08-04T14:01:08.608893	Anton_Polenok moder_menu
2022-08-04T14:01:11.891992	Anton_Polenok moder_regRequests
2022-08-04T14:01:20.799430	Anton_Polenok moder_seeUserForm 1123310395
2022-08-04T14:02:01.546879	Anton_Polenok cancel_reg 1123310395
2022-08-04T14:02:12.418119	1123310395 Anton_Polenok KEYBOARD
2022-08-04T14:02:25.514468	Anton_Polenok moder_menu
2022-08-04T14:02:30.155815	Anton_Polenok moder_regRequests
2022-08-04T14:02:31.722561	Anton_Polenok mainMenu
2022-08-04T14:07:11.005692	Romakot159 mainMenu
2022-08-04T14:07:12.712517	Romakot159 comp_path_menu
2022-08-04T14:07:13.849239	Romakot159 find_path
2022-08-04T14:07:15.372276	Romakot159 mainMenu
2022-08-04T14:07:24.255695	Anton_Polenok moder_menu
2022-08-04T14:07:26.536023	Anton_Polenok moder_openBills
2022-08-04T14:07:27.807003	Anton_Polenok mainMenu
2022-08-04T14:07:29.751722	Anton_Polenok moder_menu
2022-08-04T14:07:33.135552	Anton_Polenok mainMenu
2022-08-04T14:07:35.401661	Anton_Polenok register1
2022-08-04T14:09:08.751986	1123310395 Anton_Polenok KEYBOARD
2022-08-04T14:09:10.329252	Anton_Polenok moder_menu
2022-08-04T14:09:12.392117	Anton_Polenok moder_regRequests
2022-08-04T14:09:13.727135	Anton_Polenok moder_seeUserForm 1123310395
2022-08-04T14:09:19.703147	Anton_Polenok confirm_reg 1123310395
2022-08-04T14:09:24.696760	1123310395 Anton_Polenok KEYBOARD
2022-08-04T14:09:26.746126	Anton_Polenok driver_path_menu
2022-08-04T14:09:29.727161	Anton_Polenok find_request
2022-08-04T14:09:32.835686	Anton_Polenok about_request 1
2022-08-04T14:09:45.863670	Anton_Polenok responses 1
2022-08-04T14:09:47.496700	Anton_Polenok delete_message
2022-08-04T14:09:48.964833	Anton_Polenok about_request 1
2022-08-04T14:09:50.417034	Anton_Polenok delete_request 1
2022-08-04T14:09:52.034240	Anton_Polenok mainMenu
2022-08-04T14:11:32.648859	Anton_Polenok driver_requests
2022-08-04T14:11:34.591110	Anton_Polenok mainMenu
2022-08-04T14:12:27.178647	Anton_Polenok profile
2022-08-04T14:12:45.441944	Anton_Polenok profile
2022-08-04T14:12:56.377774	1123310395 Anton_Polenok KEYBOARD
2022-08-04T14:12:59.378618	Anton_Polenok profile
2022-08-04T14:13:00.697401	Anton_Polenok profile
2022-08-04T14:13:01.287408	Anton_Polenok profile
2022-08-04T14:13:03.514668	Anton_Polenok profile
2022-08-04T14:13:04.143434	Anton_Polenok profile
2022-08-04T14:13:05.294652	Anton_Polenok comp_path_menu
2022-08-04T14:13:09.575442	Anton_Polenok mainMenu
2022-08-04T14:32:13.954509	799377676 Romakot159 KEYBOARD
2022-08-04T14:32:20.153256	Romakot159 moder_menu
2022-08-04T14:33:00.317038	Romakot159 moder_testPath
2022-08-04T14:33:02.118154	Romakot159 mainMenu
2022-08-04T14:33:04.944686	Romakot159 register1
2022-08-04T14:33:13.855031	799377676 Romakot159 KEYBOARD
2022-08-04T14:33:27.918327	Romakot159 moder_menu
2022-08-04T14:33:33.014091	Romakot159 moder_openBills
2022-08-04T14:33:34.122103	Romakot159 mainMenu
2022-08-04T14:36:56.466693	Romakot159 register1
2022-08-04T14:37:00.037213	Romakot159 Отмена
2022-08-04T14:39:09.584870	Romakot159 register1
2022-08-04T14:40:16.546933	799377676 Romakot159 KEYBOARD
2022-08-04T14:40:21.317474	Romakot159 register1
2022-08-04T14:41:33.182183	5274176390 Pavel_Zuban KEYBOARD
2022-08-04T14:41:44.529693	Pavel_Zuban register1
2022-08-04T15:24:20.730203	Anton_Polenok profile
2022-08-04T15:24:45.637201	Anton_Polenok comp_path_menu
2022-08-04T15:24:47.684077	Anton_Polenok find_path
2022-08-04T15:24:49.115536	Anton_Polenok mainMenu
2022-08-04T15:24:50.520405	Anton_Polenok driver_path_menu
2022-08-04T15:24:54.393837	Anton_Polenok find_request
2022-08-04T15:24:55.371971	Anton_Polenok mainMenu
2022-08-04T15:25:01.876457	Anton_Polenok about
2022-08-04T15:25:10.122159	Anton_Polenok delete_message
2022-08-04T15:25:12.552559	Anton_Polenok moder_menu
2022-08-04T15:25:15.348192	Anton_Polenok moder_regRequests
2022-08-04T15:25:16.550023	Anton_Polenok mainMenu
2022-08-04T15:25:18.110147	Anton_Polenok moder_menu
2022-08-04T15:25:19.963902	Anton_Polenok moder_openBills
2022-08-04T15:25:20.830789	Anton_Polenok mainMenu
2022-08-04T15:25:25.202477	Anton_Polenok profile
2022-08-04T15:25:26.280274	Anton_Polenok profile
2022-08-04T15:25:26.440333	Anton_Polenok profile
2022-08-04T15:25:26.533464	Anton_Polenok profile
2022-08-04T15:25:26.692429	Anton_Polenok profile
2022-08-04T15:25:26.825982	Anton_Polenok profile
2022-08-04T15:25:32.738057	Anton_Polenok profile
2022-08-04T15:25:44.845389	Anton_Polenok profile
2022-08-04T15:44:24.415357	Romakot159 moder_menu
2022-08-04T15:44:25.863008	Romakot159 moder_regRequests
2022-08-04T15:44:27.090989	Romakot159 mainMenu
2022-08-04T15:44:29.101682	Romakot159 register1
2022-08-04T15:45:16.731833	799377676 Romakot159 KEYBOARD
2022-08-04T15:46:20.402279	Romakot159 moder_menu
2022-08-04T15:46:21.859743	Romakot159 moder_regRequests
2022-08-04T15:48:53.621932	Romakot159 mainMenu
2022-08-04T15:48:55.370997	Romakot159 register1
2022-08-04T15:49:22.475048	799377676 Romakot159 KEYBOARD
2022-08-04T15:49:23.807258	Romakot159 moder_menu
2022-08-04T15:49:25.163744	Romakot159 moder_regRequests
2022-08-04T15:49:26.446935	Romakot159 moder_seeUserForm 799377676
2022-08-04T15:49:28.807268	Romakot159 confirm_reg 799377676
2022-08-04T15:49:31.654408	799377676 Romakot159 KEYBOARD
2022-08-04T15:49:34.291877	Romakot159 profile
2022-08-04T15:50:14.916674	Romakot159 profile
2022-08-04T15:50:20.667964	Romakot159 mainMenu
2022-08-04T15:50:43.676368	Anton_Polenok profile
2022-08-04T15:50:46.680571	Anton_Polenok edit_profile
2022-08-04T15:50:51.466841	Anton_Polenok edit_profile2
2022-08-04T15:50:54.839998	Romakot159 profile
2022-08-04T15:50:56.260502	Romakot159 edit_profile
2022-08-04T15:51:01.479739	Romakot159 edit_profile2
2022-08-04T15:52:59.878582	799377676 Romakot159 KEYBOARD
2022-08-04T15:53:01.164900	Romakot159 moder_menu
2022-08-04T15:53:02.381163	Romakot159 moder_regRequests
2022-08-04T15:53:03.599044	Romakot159 moder_seeUserForm 799377676
2022-08-04T15:53:04.764111	Romakot159 cancel_reg 799377676
2022-08-04T15:53:08.142858	799377676 Romakot159 KEYBOARD
2022-08-04T15:56:46.501142	1123310395 Anton_Polenok KEYBOARD
2022-08-04T15:56:49.151669	Anton_Polenok moder_menu
2022-08-04T15:56:51.259592	Anton_Polenok moder_regRequests
2022-08-04T15:56:52.788507	Anton_Polenok mainMenu
2022-08-04T15:57:03.839174	Anton_Polenok profile
2022-08-04T15:57:05.858761	Anton_Polenok edit_profile
2022-08-04T15:57:08.010079	Anton_Polenok edit_profile2
2022-08-04T15:58:23.979757	1123310395 Anton_Polenok KEYBOARD
2022-08-04T15:58:26.324641	Anton_Polenok moder_menu
2022-08-04T15:58:28.635358	Anton_Polenok moder_regRequests
2022-08-04T15:58:30.049420	Anton_Polenok moder_seeUserForm 1123310395
2022-08-04T15:58:53.671118	799377676 Romakot159 KEYBOARD
2022-08-04T15:59:22.332709	Anton_Polenok cancel_reg 1123310395
2022-08-04T15:59:26.942882	1123310395 Anton_Polenok KEYBOARD
2022-08-04T15:59:33.167295	Anton_Polenok register1
2022-08-04T16:00:47.274868	1123310395 Anton_Polenok KEYBOARD
2022-08-04T16:00:48.818571	Anton_Polenok moder_menu
2022-08-04T16:00:50.992740	Anton_Polenok moder_regRequests
2022-08-04T16:00:52.363253	Anton_Polenok moder_seeUserForm 1123310395
2022-08-04T16:00:56.829941	Anton_Polenok confirm_reg 1123310395
2022-08-04T16:01:05.041999	1123310395 Anton_Polenok KEYBOARD
2022-08-04T16:01:09.284052	Anton_Polenok driver_path_menu
2022-08-04T16:01:12.281079	Anton_Polenok find_request
2022-08-04T16:01:13.806737	Anton_Polenok mainMenu
2022-08-04T16:01:15.742068	Anton_Polenok driver_path_menu
2022-08-04T16:01:17.465560	Anton_Polenok new_path
2022-08-04T16:02:26.601090	Anton_Polenok comp_path_menu
2022-08-04T16:02:28.437374	Anton_Polenok find_path
2022-08-04T16:02:31.016145	Anton_Polenok about_path 1
2022-08-04T16:03:08.241178	Anton_Polenok delete_message
2022-08-04T16:05:33.278178	Anton_Polenok mainMenu
2022-08-04T16:05:36.110445	Anton_Polenok comp_path_menu
2022-08-04T16:05:38.109287	Anton_Polenok find_path
2022-08-04T16:05:39.291052	Anton_Polenok about_path 1
2022-08-04T16:05:46.504824	Anton_Polenok delete_message
2022-08-04T16:05:48.365589	Anton_Polenok mainMenu
2022-08-04T16:07:08.271685	Anton_Polenok moder_menu
2022-08-04T16:07:11.162538	Anton_Polenok moder_openBills
2022-08-04T16:07:12.182039	Anton_Polenok mainMenu
2022-08-04T16:07:17.096864	Anton_Polenok comp_path_menu
2022-08-04T16:07:18.878381	Anton_Polenok find_path
2022-08-04T16:07:20.746066	Anton_Polenok about_path 1
2022-08-04T16:07:48.769916	Anton_Polenok delete_message
2022-08-04T16:20:30.215041	Anton_Polenok mainMenu
2022-08-04T16:20:32.749784	Anton_Polenok driver_path_menu
2022-08-04T16:20:34.241020	Anton_Polenok find_request
2022-08-04T16:41:34.560699	1131357427 None KEYBOARD
2022-08-04T16:41:45.784409	None comp_path_menu
2022-08-04T17:00:26.339374	Anton_Polenok mainMenu
2022-08-04T17:00:29.786716	Anton_Polenok driver_path_menu
2022-08-04T17:00:32.438778	Anton_Polenok new_path
2022-08-04T17:01:08.311434	1123310395 Anton_Polenok KEYBOARD
2022-08-04T17:01:13.053910	Anton_Polenok comp_path_menu
2022-08-04T17:01:14.580588	Anton_Polenok find_path
2022-08-04T17:01:19.540959	Anton_Polenok about_path 1
2022-08-04T17:01:22.306294	Anton_Polenok delete_message
2022-08-04T17:05:57.895412	Anton_Polenok about_path 1
2022-08-04T17:06:00.450282	Anton_Polenok reviews_user 1123310395 1
2022-08-04T17:06:02.339276	Anton_Polenok about_path 1 1
2022-08-04T17:06:03.534468	Anton_Polenok delete_message
2022-08-04T17:06:05.268140	Anton_Polenok mainMenu
2022-08-04T17:06:07.071441	Anton_Polenok moder_menu
2022-08-04T17:06:12.492943	Anton_Polenok moder_regRequests
2022-08-04T17:06:13.816367	Anton_Polenok mainMenu
2022-08-04T17:06:22.022580	Anton_Polenok driver_requests
2022-08-04T17:06:23.046098	Anton_Polenok mainMenu
2022-08-04T17:06:25.088696	Anton_Polenok profile
2022-08-04T17:06:31.786093	Anton_Polenok mainMenu
2022-08-04T17:06:33.880407	Anton_Polenok profile
2022-08-04T17:06:35.061356	Anton_Polenok edit_profile
2022-08-04T17:06:37.543966	Anton_Polenok delete_message
2022-08-04T17:06:40.791429	1123310395 Anton_Polenok KEYBOARD
2022-08-04T17:06:43.398961	Anton_Polenok profile
2022-08-04T17:06:45.047268	Anton_Polenok edit_profile
2022-08-04T17:06:46.845529	Anton_Polenok edit_profile2
2022-08-04T18:00:39.370517	416822929 Daniil_38 KEYBOARD
2022-08-04T18:00:43.809969	Daniil_38 comp_path_menu
2022-08-04T18:00:48.598656	Daniil_38 find_path
2022-08-04T18:00:58.325295	Daniil_38 about_path 1
2022-08-04T18:01:28.931323	Daniil_38 about_path 2
2022-08-04T18:01:46.141220	Daniil_38 mainMenu
2022-08-04T18:23:25.909454	Romakot159 register1
2022-08-04T18:23:52.929248	799377676 Romakot159 KEYBOARD
2022-08-04T18:23:54.156405	Romakot159 moder_menu
2022-08-04T18:23:55.530206	Romakot159 moder_regRequests
2022-08-04T18:23:56.963044	Romakot159 moder_seeUserForm 799377676
2022-08-04T18:23:59.344506	Romakot159 confirm_reg 799377676
2022-08-04T18:24:02.655715	799377676 Romakot159 KEYBOARD
2022-08-04T18:24:05.819546	Romakot159 driver_requests
2022-08-04T18:24:07.630785	Romakot159 mainMenu
2022-08-04T18:36:55.817313	799377676 Romakot159 KEYBOARD
2022-08-04T18:37:05.495377	Romakot159 moder_menu
2022-08-04T18:37:08.048553	Romakot159 moder_testPath
2022-08-04T18:37:09.749433	Romakot159 comp_path_menu
2022-08-04T18:37:11.055833	Romakot159 find_path
2022-08-04T18:37:14.977068	Romakot159 about_path 3
2022-08-04T18:37:19.924096	Romakot159 cancel_path 3
2022-08-04T18:37:22.618145	Romakot159 delete_message
2022-08-04T18:37:25.836152	Romakot159 mainMenu
2022-08-04T18:37:27.291033	Romakot159 comp_path_menu
2022-08-04T18:37:28.623637	Romakot159 find_path
2022-08-04T18:37:44.535207	Romakot159 about_path 2
2022-08-04T18:37:48.316328	Romakot159 join_to_path 2
2022-08-04T18:37:49.729248	Romakot159 delete_message
2022-08-04T18:37:59.030382	Romakot159 about_path 1
2022-08-04T18:38:04.906797	1123310395 Anton_Polenok KEYBOARD
2022-08-04T18:38:12.756106	Romakot159 delete_message
2022-08-04T18:38:21.910386	Romakot159 mainMenu
2022-08-04T18:38:23.347581	Romakot159 comp_path_menu
2022-08-04T18:38:30.479468	Romakot159 find_path
2022-08-04T18:38:42.475011	Romakot159 about_path 2
2022-08-04T18:38:44.814658	Romakot159 delete_message
2022-08-04T18:39:15.661508	Anton_Polenok comp_path_menu
2022-08-04T18:39:20.728083	Romakot159 mainMenu
2022-08-04T18:39:53.914110	Anton_Polenok find_path
2022-08-04T18:39:55.671937	Anton_Polenok about_path 1
2022-08-04T18:39:57.492607	Anton_Polenok cancel_path 1
2022-08-04T18:39:58.717681	Anton_Polenok delete_message
2022-08-04T18:40:00.241412	Anton_Polenok about_path 2
2022-08-04T18:40:01.755937	Anton_Polenok cancel_path 2
2022-08-04T18:40:03.178103	Anton_Polenok delete_message
2022-08-04T18:40:04.436497	Anton_Polenok mainMenu
2022-08-04T18:40:06.329494	Anton_Polenok comp_path_menu
2022-08-04T18:40:07.654964	Anton_Polenok find_path
2022-08-04T18:40:09.010816	Anton_Polenok mainMenu
2022-08-04T21:24:46.721986	Anton_Polenok moder_menu
2022-08-04T21:24:48.950932	Anton_Polenok moder_regRequests
2022-08-04T21:24:50.553182	Anton_Polenok mainMenu
2022-08-05T00:34:59.366901	1149746849 None KEYBOARD
2022-08-05T00:35:04.766659	None about
2022-08-05T07:20:16.416085	1428556606 None KEYBOARD
2022-08-05T07:20:24.622876	None register1
2022-08-05T07:20:48.606712	1428556606 None KEYBOARD
2022-08-05T07:24:13.608887	None about
2022-08-05T07:24:35.210416	None delete_message
2022-08-05T07:24:37.776329	None question
2022-08-05T07:25:06.440891	None register1
2022-08-05T07:26:23.435854	1428556606 None KEYBOARD
2022-08-05T07:26:41.500204	1428556606 None KEYBOARD
2022-08-05T07:26:47.457537	None question
2022-08-05T07:27:41.317035	None register1
2022-08-05T07:31:19.950022	Igorsha7 register1
2022-08-05T08:25:41.522761	1923261771 MD24RU KEYBOARD
2022-08-05T08:25:47.839744	MD24RU comp_path_menu
2022-08-05T08:25:53.860740	MD24RU find_path
2022-08-05T08:26:04.640767	MD24RU mainMenu
2022-08-05T08:26:07.552800	MD24RU comp_path_menu
2022-08-05T08:26:09.588634	MD24RU new_request
2022-08-05T09:59:59.876992	457614056 NikoTonn KEYBOARD
2022-08-05T10:00:04.368137	NikoTonn register1
2022-08-05T15:33:36.216972	Anton_Polenok profile
2022-08-05T15:33:38.826965	Anton_Polenok edit_profile
2022-08-05T15:33:42.537863	Anton_Polenok edit_profile2
2022-08-05T18:16:34.939153	1123310395 Anton_Polenok KEYBOARD
2022-08-05T18:16:42.376656	Anton_Polenok comp_path_menu
2022-08-05T18:16:44.461244	Anton_Polenok find_path
2022-08-05T18:16:45.778146	Anton_Polenok mainMenu
2022-08-05T20:15:39.147972	1438407760 None KEYBOARD
2022-08-05T22:30:13.505853	799377676 Romakot159 KEYBOARD
2022-08-05T22:30:14.927782	Romakot159 moder_menu
2022-08-05T22:30:16.332464	Romakot159 moder_regRequests
2022-08-05T22:30:23.287888	Romakot159 moder_seeUserForm 457614056
2022-08-05T22:30:28.497657	Romakot159 delete_message
2022-08-05T22:30:32.283972	Romakot159 moder_seeUserForm 1428556606
2022-08-05T22:30:36.375441	Romakot159 delete_message
2022-08-05T22:32:36.865616	5378571791 None KEYBOARD
2022-08-05T22:32:38.649117	None register1
2022-08-05T22:44:29.940852	799377676 Romakot159 KEYBOARD
2022-08-05T22:45:09.300860	799377676 Romakot159 KEYBOARD
2022-08-06T06:53:29.689062	Anton_Polenok moder_menu
2022-08-06T06:53:32.412389	Anton_Polenok moder_regRequests
2022-08-06T06:53:34.736296	Anton_Polenok moder_seeUserForm 457614056
2022-08-06T06:53:43.255264	Anton_Polenok confirm_reg 457614056
2022-08-06T06:53:46.335096	Anton_Polenok moder_seeUserForm 457614056
2022-08-06T06:53:48.315300	Anton_Polenok confirm_reg 457614056
2022-08-06T06:53:50.091382	Anton_Polenok moder_seeUserForm 1428556606
2022-08-06T06:53:56.988679	Anton_Polenok confirm_reg 1428556606
2022-08-06T06:53:58.855844	Anton_Polenok mainMenu
2022-08-06T06:54:00.325474	Anton_Polenok moder_menu
2022-08-06T06:54:02.491871	Anton_Polenok moder_regRequests
2022-08-06T07:24:18.595000	Anton_Polenok moder_seeUserForm 1123310395
2022-08-06T07:24:22.889791	Anton_Polenok cancel_reg 1123310395
2022-08-06T07:24:26.907558	1123310395 Anton_Polenok KEYBOARD
2022-08-06T07:25:15.411651	1123310395 Anton_Polenok KEYBOARD
2022-08-06T07:25:19.787587	Anton_Polenok about
2022-08-06T07:25:48.764528	Anton_Polenok delete_message
2022-08-06T07:25:52.589884	Anton_Polenok question
2022-08-06T07:25:55.458858	Anton_Polenok delete_message
2022-08-06T07:33:02.645452	1428556606 Igorsha7 KEYBOARD
2022-08-06T07:33:11.074317	Igorsha7 driver_requests
2022-08-06T07:33:28.192005	1428556606 Igorsha7 KEYBOARD
2022-08-06T07:33:32.029068	Igorsha7 driver_path_menu
2022-08-06T07:33:37.397357	Igorsha7 new_path
2022-08-06T07:37:00.134762	Igorsha7 driver_requests
2022-08-06T10:07:21.599778	1289235268 None KEYBOARD
2022-08-06T11:05:27.706748	Anton_Polenok moder_menu
2022-08-06T11:05:29.822426	Anton_Polenok moder_regRequests
2022-08-06T11:05:31.242839	Anton_Polenok mainMenu
2022-08-06T11:05:33.214263	Anton_Polenok comp_path_menu
2022-08-06T11:05:35.089464	Anton_Polenok find_path
2022-08-06T11:05:38.853030	Anton_Polenok about_path 4
2022-08-06T11:05:49.965926	Anton_Polenok delete_message
2022-08-06T11:05:51.314456	Anton_Polenok mainMenu
2022-08-06T11:09:18.832992	Anton_Polenok comp_path_menu
2022-08-06T11:09:21.396191	Anton_Polenok find_path
2022-08-06T11:09:22.914101	Anton_Polenok about_path 4
2022-08-06T11:21:59.808669	Anton_Polenok reviews_user 1428556606 4
2022-08-06T11:22:01.667239	Anton_Polenok about_path 4 1
2022-08-06T11:22:16.792116	Anton_Polenok delete_message
2022-08-06T11:22:21.413012	Anton_Polenok mainMenu
2022-08-06T11:22:25.283706	Anton_Polenok comp_path_menu
2022-08-06T11:22:27.139150	Anton_Polenok find_path
2022-08-06T11:22:28.666651	Anton_Polenok about_path 4
2022-08-06T11:42:41.342407	Anton_Polenok delete_message
2022-08-06T11:42:43.115510	Anton_Polenok mainMenu
2022-08-06T11:42:46.418297	Anton_Polenok comp_path_menu
2022-08-06T11:42:48.368160	Anton_Polenok find_path
2022-08-06T11:42:51.233023	Anton_Polenok mainMenu
2022-08-06T12:25:44.402789	Anton_Polenok moder_menu
2022-08-06T12:25:46.234167	Anton_Polenok moder_regRequests
2022-08-06T12:25:48.060400	Anton_Polenok mainMenu
2022-08-06T12:25:50.259626	Anton_Polenok comp_path_menu
2022-08-06T12:25:51.617459	Anton_Polenok find_path
2022-08-06T12:25:53.138702	Anton_Polenok about_path 4
2022-08-06T12:43:21.077539	Anton_Polenok delete_message
2022-08-06T12:43:23.228441	Anton_Polenok mainMenu
2022-08-06T12:44:44.350795	Anton_Polenok comp_path_menu
2022-08-06T12:44:45.694113	Anton_Polenok find_path
2022-08-06T13:00:07.140406	Anton_Polenok mainMenu
2022-08-06T13:00:08.904021	Anton_Polenok moder_menu
2022-08-06T13:00:10.371911	Anton_Polenok moder_regRequests
2022-08-06T13:38:28.130047	1123310395 Anton_Polenok KEYBOARD
2022-08-06T16:56:41.519567	Anton_Polenok comp_path_menu
2022-08-06T16:56:43.119430	Anton_Polenok find_path
2022-08-06T16:56:44.895492	Anton_Polenok about_path 4
2022-08-06T16:56:49.710285	Anton_Polenok delete_message
2022-08-06T16:56:50.905914	Anton_Polenok mainMenu
2022-08-06T19:03:01.029660	1456687644 None KEYBOARD
2022-08-06T19:03:06.097935	None question
2022-08-06T19:03:11.394398	None delete_message
2022-08-06T19:03:13.624365	None comp_path_menu
2022-08-06T19:03:18.546399	None find_path
2022-08-06T19:03:23.684605	None mainMenu
2022-08-06T21:13:15.489958	Anton_Polenok moder_menu
2022-08-06T21:13:19.337490	Anton_Polenok mainMenu
2022-08-06T21:13:22.720917	Anton_Polenok comp_path_menu
2022-08-06T21:13:24.582379	Anton_Polenok find_path
2022-08-06T21:13:26.778388	Anton_Polenok about_path 4
2022-08-06T21:13:29.340178	Anton_Polenok delete_message
2022-08-06T21:13:30.664418	Anton_Polenok mainMenu
